<?xml version="1.0" encoding="utf-8"?><testsuites name="pytest tests"><testsuite name="pytest" errors="0" failures="0" skipped="0" tests="22" time="9.160" timestamp="2026-08-31T08:48:56.146639+00:00" hostname="agent-env-3e53bb85-b764-4386-b76a-5f283bac616e"><testcase classname="tests.backend_test.TestDraws" name="test_bhurloka_draw_exactly_17" time="0.350" /><testcase classname="tests.backend_test.TestJourneyGate" name="test_bayar_requires_session_401" time="0.395" /><testcase classname="tests.backend_test.TestDraws" name="test_no_skor_key_in_payload" time="0.201" /><testcase classname="tests.backend_test.TestJourneyGate" name="test_bayar_invalid_code_400" time="0.218" /><testcase classname="tests.backend_test.TestDraws" name="test_shuffle_between_sessions" time="0.310" /><testcase classname="tests.backend_test.TestJourneyGate" name="test_auth_me" time="0.189" /><testcase classname="tests.backend_test.TestJourneyGate" name="test_full_journey_and_pause" time="5.173" /><testcase classname="tests.backend_test.TestDraws" name="test_cross_session_exclusion" time="0.302" /><testcase classname="tests.backend_test.TestBoardMinatAdmin" name="test_papan_bhurloka_and_paramartha" time="0.365" /><testcase classname="tests.backend_test.TestBoardMinatAdmin" name="test_papan_optin_requires_login" time="0.384" /><testcase classname="tests.backend_test.TestBoardMinatAdmin" name="test_minat_saved" time="0.070" /><testcase classname="tests.backend_test.TestBoardMinatAdmin" name="test_admin_gates" time="0.268" /><testcase classname="tests.backend_test.TestResume" name="test_answers_persist_and_lanjutan" time="0.397" /><testcase classname="tests.backend_test.TestResume" name="test_invalid_answer_token_rejected" time="0.308" /><testcase classname="tests.backend_test.TestResume" name="test_unknown_sesi_404" time="0.082" /><testcase classname="tests.backend_test.TestHealth" name="test_root" time="0.144" /><testcase classname="tests.backend_test.TestHealth" name="test_bank_pool_counts" time="0.002" /><testcase classname="tests.backend_test.TestJourneyGate" name="test_certificate_requires_finished_journey" time="1.093" /><testcase classname="tests.backend_test.TestValidasi" name="test_bad_check_char_404" time="0.294" /><testcase classname="tests.backend_test.TestValidasi" name="test_valid_format_unknown_serial_404" time="0.061" /><testcase classname="tests.backend_test.TestValidasi" name="test_serials_non_sequential" time="0.228" /><testcase classname="tests.backend_test.TestValidasi" name="test_rate_limit_10_per_minute" time="0.713" /></testsuite></testsuites>