<?xml version="1.0" encoding="utf-8"?><testsuites name="pytest tests"><testsuite name="pytest" errors="0" failures="0" skipped="0" tests="55" time="86.677" timestamp="2026-08-31T10:44:54.739652+00:00" hostname="agent-env-3e53bb85-b764-4386-b76a-5f283bac616e"><testcase classname="tests.test_rename_bands" name="test_band_name_and_paragraph_per_level[25]" time="1.957" /><testcase classname="tests.test_rename_bands" name="test_band_name_and_paragraph_per_level[50]" time="1.846" /><testcase classname="tests.test_rename_bands" name="test_band_name_and_paragraph_per_level[75]" time="1.889" /><testcase classname="tests.test_rename_bands" name="test_band_name_and_paragraph_per_level[100]" time="1.858" /><testcase classname="tests.test_rename_bands" name="test_kategori_derived_at_render_even_if_db_stale" time="1.828" /><testcase classname="tests.test_refactor_hasil.TestHasilPaidFullJourney" name="test_key_set_includes_bacaan" time="9.365" /><testcase classname="tests.test_refactor_hasil.TestHasilPaidFullJourney" name="test_peta_all_three_filled" time="0.000" /><testcase classname="tests.test_refactor_hasil.TestHasilPaidFullJourney" name="test_bacaan_sebaran_counts" time="0.000" /><testcase classname="tests.test_refactor_hasil.TestHasilPaidFullJourney" name="test_bacaan_menonjol_tangga_latihan" time="0.000" /><testcase classname="tests.test_refactor_hasil.TestHasilPaidFullJourney" name="test_bhurloka_hasil_of_paid_journey_shows_full_peta" time="0.054" /><testcase classname="tests.test_rename_bands" name="test_no_old_band_names_left_in_db" time="0.003" /><testcase classname="tests.test_rename_bands" name="test_papan_accepts_all_three_tiers[bhurloka]" time="0.117" /><testcase classname="tests.test_refactor_hasil.TestHasilPaidFullJourney" name="test_helpers_match_endpoint" time="0.276" /><testcase classname="tests.test_rename_bands" name="test_papan_accepts_all_three_tiers[akasa]" time="0.079" /><testcase classname="tests.test_rename_bands" name="test_papan_accepts_all_three_tiers[paramartha]" time="0.066" /><testcase classname="tests.test_rename_bands" name="test_papan_akasa_lists_finished_akasa" time="4.519" /><testcase classname="tests.test_refactor_hasil.TestHasilPaidFullJourney" name="test_reuse_of_consumed_code_refused" time="0.206" /><testcase classname="tests.test_refactor_hasil.TestHasilUnpaidBhurloka" name="test_exact_key_set" time="1.411" /><testcase classname="tests.test_refactor_hasil.TestHasilUnpaidBhurloka" name="test_scalar_fields" time="0.000" /><testcase classname="tests.test_refactor_hasil.TestHasilUnpaidBhurloka" name="test_peserta_privacy" time="0.000" /><testcase classname="tests.test_refactor_hasil.TestHasilUnpaidBhurloka" name="test_peta_three_tiers" time="0.000" /><testcase classname="tests.test_refactor_hasil.TestHasilUnpaidBhurloka" name="test_disk_matches_chosen_scores" time="0.003" /><testcase classname="tests.test_refactor_hasil.TestHasilUnpaidBhurloka" name="test_no_skor_key_in_sesi_payload" time="0.051" /><testcase classname="tests.backend_test.TestJourneyGate" name="test_bayar_requires_session_401" time="0.267" /><testcase classname="tests.backend_test.TestJourneyGate" name="test_bayar_invalid_code_400" time="0.153" /><testcase classname="tests.backend_test.TestJourneyGate" name="test_auth_me" time="0.155" /><testcase classname="tests.backend_test.TestJourneyGate" name="test_full_journey_and_pause" time="71.088" /><testcase classname="tests.test_rename_bands" name="test_admin_pesanan_kategori_from_score" time="0.101" /><testcase classname="tests.test_rename_bands" name="test_tier_names_have_diacritics" time="0.309" /><testcase classname="tests.test_rename_bands" name="test_cors_preflight_and_simple_request" time="0.142" /><testcase classname="tests.test_rename_bands" name="test_bearer_only_auth_works_without_cookie" time="0.442" /><testcase classname="tests.backend_test.TestBoardMinatAdmin" name="test_papan_bhurloka_and_paramartha" time="0.334" /><testcase classname="tests.backend_test.TestBoardMinatAdmin" name="test_papan_optin_requires_login" time="0.374" /><testcase classname="tests.backend_test.TestBoardMinatAdmin" name="test_minat_saved" time="0.049" /><testcase classname="tests.backend_test.TestBoardMinatAdmin" name="test_admin_gates" time="0.239" /><testcase classname="tests.backend_test.TestValidasi" name="test_bad_check_char_404" time="0.354" /><testcase classname="tests.backend_test.TestValidasi" name="test_valid_format_unknown_serial_404" time="0.044" /><testcase classname="tests.backend_test.TestValidasi" name="test_serials_non_sequential" time="0.249" /><testcase classname="tests.backend_test.TestValidasi" name="test_rate_limit_10_per_minute" time="0.861" /><testcase classname="tests.backend_test.TestResume" name="test_answers_persist_and_lanjutan" time="0.492" /><testcase classname="tests.backend_test.TestResume" name="test_invalid_answer_token_rejected" time="0.298" /><testcase classname="tests.backend_test.TestResume" name="test_unknown_sesi_404" time="0.104" /><testcase classname="tests.test_refactor_hasil.TestGenCode" name="test_gen_code_format_and_entropy" time="0.004" /><testcase classname="tests.test_refactor_hasil.TestGenCode" name="test_gen_code_custom_length" time="0.000" /><testcase classname="tests.test_refactor_hasil.TestGenCode" name="test_seeded_codes_still_valid_format" time="0.177" /><testcase classname="tests.backend_test.TestHealth" name="test_root" time="0.131" /><testcase classname="tests.backend_test.TestHealth" name="test_bank_pool_counts" time="0.002" /><testcase classname="tests.test_refactor_hasil.TestHasilPartialAndMixed" name="test_disk_has_none_for_unanswered" time="0.916" /><testcase classname="tests.test_refactor_hasil.TestHasilPartialAndMixed" name="test_mean_rounded_no_rescale" time="1.814" /><testcase classname="tests.test_refactor_hasil.TestAuthGating" name="test_all_gated_endpoints_401_without_bearer" time="0.581" /><testcase classname="tests.backend_test.TestJourneyGate" name="test_certificate_requires_finished_journey" time="1.110" /><testcase classname="tests.backend_test.TestDraws" name="test_bhurloka_draw_exactly_17" time="0.389" /><testcase classname="tests.backend_test.TestDraws" name="test_no_skor_key_in_payload" time="0.226" /><testcase classname="tests.backend_test.TestDraws" name="test_shuffle_between_sessions" time="0.451" /><testcase classname="tests.backend_test.TestDraws" name="test_cross_session_exclusion" time="0.365" /></testsuite></testsuites>